<?xml version="1.0" encoding="UTF-8"?>
<!-- Generated by org.testng.reporters.JUnitReportReporter -->
<testsuite name="Framework.AppTest" tests="2" time="60.941" ignored="0" failures="0" timestamp="14 Jun 2019 01:52:29 GMT" skipped="0" hostname="RUSHIT" errors="0">
  <testcase name="SecondTestCase" time="29.997" classname="Framework.AppTest"/>
  <testcase name="FirstTestCase" time="30.944" classname="Framework.AppTest"/>
</testsuite> <!-- Framework.AppTest -->
