<?xml version="1.0" encoding="UTF-8"?>
<!-- Generated by org.testng.reporters.JUnitReportReporter -->
<testsuite name="Framework.AppTest" tests="2" time="70.633" ignored="0" failures="0" timestamp="14 Jun 2019 01:50:34 GMT" skipped="0" hostname="RUSHIT" errors="0">
  <testcase name="SecondTestCase" time="34.309" classname="Framework.AppTest"/>
  <testcase name="FirstTestCase" time="36.324" classname="Framework.AppTest"/>
</testsuite> <!-- Framework.AppTest -->
